<?xml version="1.0" encoding="UTF-8"?>
<!-- Generated by org.testng.reporters.JUnitReportReporter -->
<testsuite hostname="DESKTOP-M1U6SU2" failures="0" tests="1" name="com.vtiger.leads.TC_VT_001Test" time="29.134" errors="0" timestamp="2025-02-11T12:41:23 IST" skipped="0">
  <testcase classname="com.vtiger.leads.TC_VT_001Test" name="createLeads" time="29.134"/>
  <system-out/>
</testsuite> <!-- com.vtiger.leads.TC_VT_001Test -->
