<?xml version="1.0" encoding="UTF-8"?>
<!-- Generated by org.testng.reporters.JUnitReportReporter -->
<testsuite hostname="DESKTOP-M1U6SU2" failures="0" tests="1" name="com.vtiger.contacts.TC_VT_001Test" time="15.773" errors="0" timestamp="2025-02-08T13:45:31 IST" skipped="0">
  <testcase classname="com.vtiger.contacts.TC_VT_001Test" name="clickOnContacts" time="15.773"/>
  <system-out/>
</testsuite> <!-- com.vtiger.contacts.TC_VT_001Test -->
