<?xml version="1.0" encoding="UTF-8"?>
<!-- Generated by org.testng.reporters.JUnitReportReporter -->
<testsuite hostname="DESKTOP-M1U6SU2" failures="0" tests="1" name="com.vtiger.contacts.TC_VT_002Test" time="30.170" errors="0" timestamp="2025-02-08T14:12:04 IST" skipped="0">
  <testcase classname="com.vtiger.contacts.TC_VT_002Test" name="createContact" time="30.170"/>
  <system-out/>
</testsuite> <!-- com.vtiger.contacts.TC_VT_002Test -->
