<?xml version="1.0" encoding="UTF-8"?>
<!-- Generated by org.testng.reporters.JUnitReportReporter -->
<testsuite hostname="DESKTOP-M1U6SU2" failures="0" tests="1" name="com.vtiger.organization.TC_VT_001Test" time="33.990" errors="0" timestamp="2025-02-09T19:48:41 IST" skipped="0">
  <testcase classname="com.vtiger.organization.TC_VT_001Test" name="clickOnOrganization" time="33.990"/>
  <system-out/>
</testsuite> <!-- com.vtiger.organization.TC_VT_001Test -->
